<?xml version="1.0" encoding="UTF-8"?>
<testsuite name="crear un vuelo directo." tests="2" skipped="0" failures="0" errors="0" timestamp="2024-05-25T19:14:58" hostname="DESKTOP-B7230DH" time="15.48">
  <properties/>
  <testcase name="carga de formulario exitosa" classname="crear un vuelo directo." time="8.105"/>
  <testcase name="Ingreso del formulario" classname="crear un vuelo directo." time="7.375"/>
  <system-out><![CDATA[
Scenario: carga de formulario exitosa                                             ?[90m# src/test/resources/features/crearVueloDirecto.feature:9?[0m
  ?[32mGiven ?[0m?[32mel usuario tenga sesion iniciada con rol de administrador de la aerolinea?[0m ?[90m# co.com.udea.certificacion.gestion.stepdefinitions.cvdStepDefinition.elUsuarioConRolAdmin()?[0m
  ?[32mWhen ?[0m?[32melige la opcion de nuevo vuelo directo?[0m                                     ?[90m# co.com.udea.certificacion.gestion.stepdefinitions.cvdStepDefinition.nuevoVueloDirecto()?[0m
  ?[32mThen ?[0m?[32mse carga el formulario de ingreso de datos basicos de un vuelo directo?[0m     ?[90m# co.com.udea.certificacion.gestion.stepdefinitions.cvdStepDefinition.cargaFormularioVueloDirecto()?[0m

Scenario: Ingreso del formulario                                                          ?[90m# src/test/resources/features/crearVueloDirecto.feature:14?[0m
  ?[32mGiven ?[0m?[32mel formulario  de ingreso de datos basicos de un nuevo vuelo directo esta cargado?[0m ?[90m# co.com.udea.certificacion.gestion.stepdefinitions.cvdStepDefinition.formularioVueloDirectoCargado()?[0m
  ?[32mWhen ?[0m?[32mIngresa todos los datos del vuelo?[0m                                                  ?[90m# co.com.udea.certificacion.gestion.stepdefinitions.cvdStepDefinition.ingresarDatosVuelo()?[0m
  ?[32mThen ?[0m?[32mel sistema valida los campos y muestra mensaje al usuario?[0m                          ?[90m# co.com.udea.certificacion.gestion.stepdefinitions.cvdStepDefinition.validarCampos()?[0m
]]></system-out>
  <system-err><![CDATA[may. 25, 2024 2:15:01 P. M. org.openqa.selenium.devtools.CdpVersionFinder findNearestMatch
WARNING: Unable to find CDP implementation matching 125
may. 25, 2024 2:15:01 P. M. org.openqa.selenium.chromium.ChromiumDriver lambda$new$5
WARNING: Unable to find version of CDP to use for 125.0.6422.112. You may need to include a dependency on a specific version of the CDP using something similar to `org.seleniumhq.selenium:selenium-devtools-v86:4.16.1` where the version ("v86") matches the version of the chromium-based browser you're using and the version number of the artifact is the same as Selenium's.
]]></system-err>
</testsuite>
